<?xml version="1.0" encoding="UTF-8"?>
<Site BuildName="(empty)"
	BuildStamp="20241115-2106-Experimental"
	Name="MC"
	Generator="ctest-3.22.1"
	CompilerName="/usr/bin/g++"
	CompilerVersion="11.4.0"
	OSName="Linux"
	Hostname="MC"
	OSRelease="6.8.0-48-generic"
	OSVersion="#48~22.04.1-Ubuntu SMP PREEMPT_DYNAMIC Mon Oct  7 11:24:13 UTC 2"
	OSPlatform="x86_64"
	Is64Bits="1"
	VendorString="GenuineIntel"
	VendorID="Intel Corporation"
	FamilyID="6"
	ModelID="151"
	ProcessorCacheSize="25600"
	NumberOfLogicalCPU="20"
	NumberOfPhysicalCPU="12"
	TotalVirtualMemory="9536"
	TotalPhysicalMemory="31904"
	LogicalProcessorsPerPhysical="1"
	ProcessorClockFrequency="4500.82"
	>
	<Testing>
		<StartDateTime>Nov 15 22:06 CET</StartDateTime>
		<StartTestTime>1731704806</StartTestTime>
		<TestList/>
		<EndDateTime>Nov 15 22:06 CET</EndDateTime>
		<EndTestTime>1731704806</EndTestTime>
		<ElapsedMinutes>0</ElapsedMinutes>
	</Testing>
</Site>
