<?xml version="1.0" encoding="UTF-8"?>
<Site BuildName="(empty)"
	BuildStamp="20241225-1116-Experimental"
	Name="MC"
	Generator="ctest-3.22.1"
	CompilerName="/usr/bin/g++"
	CompilerVersion="11.4.0"
	OSName="Linux"
	Hostname="MC"
	OSRelease="6.8.0-49-generic"
	OSVersion="#49~22.04.1-Ubuntu SMP PREEMPT_DYNAMIC Wed Nov  6 17:42:15 UTC 2"
	OSPlatform="x86_64"
	Is64Bits="1"
	VendorString="GenuineIntel"
	VendorID="Intel Corporation"
	FamilyID="6"
	ModelID="151"
	ProcessorCacheSize="25600"
	NumberOfLogicalCPU="20"
	NumberOfPhysicalCPU="12"
	TotalVirtualMemory="9536"
	TotalPhysicalMemory="31904"
	LogicalProcessorsPerPhysical="1"
	ProcessorClockFrequency="4500"
	>
	<Testing>
		<StartDateTime>Dec 25 12:16 CET</StartDateTime>
		<StartTestTime>1735125418</StartTestTime>
		<TestList/>
		<EndDateTime>Dec 25 12:16 CET</EndDateTime>
		<EndTestTime>1735125418</EndTestTime>
		<ElapsedMinutes>0</ElapsedMinutes>
	</Testing>
</Site>
