[35m[1mScanning dependencies of target 01_apis_pub[0m
[ 50%] [32mBuilding CXX object CMakeFiles/01_apis_pub.dir/src/01_apis_pub.cpp.o[0m
[01m[K/home/lcy/ros_tutorial/exe_04/src/ros_apis/src/01_apis_pub.cpp:[m[K In function â€˜[01m[Kint main(int, char**)[m[Kâ€™:
[01m[K/home/lcy/ros_tutorial/exe_04/src/ros_apis/src/01_apis_pub.cpp:25:49:[m[K [01;31m[Kerror: [m[Kâ€˜[01m[KString[m[Kâ€™ is not a member of â€˜[01m[Kstd_msgs[m[Kâ€™
   25 |     ros::Publisher pub = nh.advertise<std_msgs::[01;31m[KString[m[K>("demo_topic",10);
      |                                                 [01;31m[K^~~~~~[m[K
[01m[K/home/lcy/ros_tutorial/exe_04/src/ros_apis/src/01_apis_pub.cpp:25:49:[m[K [01;31m[Kerror: [m[Kâ€˜[01m[KString[m[Kâ€™ is not a member of â€˜[01m[Kstd_msgs[m[Kâ€™
[01m[K/home/lcy/ros_tutorial/exe_04/src/ros_apis/src/01_apis_pub.cpp:25:72:[m[K [01;31m[Kerror: [m[Kno matching function for call to â€˜[01m[Kros::NodeHandle::advertise<<expression error> >(const char [11], int)[m[Kâ€™
   25 |     ros::Publisher pub = nh.advertise<std_msgs::String>("demo_topic",10[01;31m[K)[m[K;
      |                                                                        [01;31m[K^[m[K
In file included from [01m[K/opt/ros/noetic/include/ros/ros.h:45[m[K,
                 from [01m[K/home/lcy/ros_tutorial/exe_04/src/ros_apis/src/01_apis_pub.cpp:1[m[K:
[01m[K/opt/ros/noetic/include/ros/node_handle.h:247:15:[m[K [01;36m[Knote: [m[Kcandidate: â€˜[01m[Ktemplate<class M> ros::Publisher ros::NodeHandle::advertise(const string&, uint32_t, bool)[m[Kâ€™
  247 |     Publisher [01;36m[Kadvertise[m[K(const std::string& topic, uint32_t queue_size, bool latch = false)
      |               [01;36m[K^~~~~~~~~[m[K
[01m[K/opt/ros/noetic/include/ros/node_handle.h:247:15:[m[K [01;36m[Knote: [m[K  template argument deduction/substitution failed:
[01m[K/home/lcy/ros_tutorial/exe_04/src/ros_apis/src/01_apis_pub.cpp:25:72:[m[K [01;31m[Kerror: [m[Ktemplate argument 1 is invalid
   25 |     ros::Publisher pub = nh.advertise<std_msgs::String>("demo_topic",10[01;31m[K)[m[K;
      |                                                                        [01;31m[K^[m[K
In file included from [01m[K/opt/ros/noetic/include/ros/ros.h:45[m[K,
                 from [01m[K/home/lcy/ros_tutorial/exe_04/src/ros_apis/src/01_apis_pub.cpp:1[m[K:
[01m[K/opt/ros/noetic/include/ros/node_handle.h:313:13:[m[K [01;36m[Knote: [m[Kcandidate: â€˜[01m[Ktemplate<class M> ros::Publisher ros::NodeHandle::advertise(const string&, uint32_t, const SubscriberStatusCallback&, const SubscriberStatusCallback&, const VoidConstPtr&, bool)[m[Kâ€™
  313 |   Publisher [01;36m[Kadvertise[m[K(const std::string& topic, uint32_t queue_size,
      |             [01;36m[K^~~~~~~~~[m[K
[01m[K/opt/ros/noetic/include/ros/node_handle.h:313:13:[m[K [01;36m[Knote: [m[K  template argument deduction/substitution failed:
[01m[K/home/lcy/ros_tutorial/exe_04/src/ros_apis/src/01_apis_pub.cpp:25:72:[m[K [01;31m[Kerror: [m[Ktemplate argument 1 is invalid
   25 |     ros::Publisher pub = nh.advertise<std_msgs::String>("demo_topic",10[01;31m[K)[m[K;
      |                                                                        [01;31m[K^[m[K
[01m[K/home/lcy/ros_tutorial/exe_04/src/ros_apis/src/01_apis_pub.cpp:31:19:[m[K [01;31m[Kerror: [m[Kâ€˜[01m[KString[m[Kâ€™ is not a member of â€˜[01m[Kstd_msgs[m[Kâ€™
   31 |         std_msgs::[01;31m[KString[m[K msg;
      |                   [01;31m[K^~~~~~[m[K
[01m[K/home/lcy/ros_tutorial/exe_04/src/ros_apis/src/01_apis_pub.cpp:32:9:[m[K [01;31m[Kerror: [m[Kâ€˜[01m[Kmsg[m[Kâ€™ was not declared in this scope
   32 |         [01;31m[Kmsg[m[K.data = "demostration of apis";
      |         [01;31m[K^~~[m[K
make[2]: *** [CMakeFiles/01_apis_pub.dir/build.make:63ï¼šCMakeFiles/01_apis_pub.dir/src/01_apis_pub.cpp.o] é”™è¯¯ 1
make[1]: *** [CMakeFiles/Makefile2:182ï¼šCMakeFiles/01_apis_pub.dir/all] é”™è¯¯ 2
make: *** [Makefile:141ï¼šall] é”™è¯¯ 2
