[35m[1mScanning dependencies of target 03_apis_time[0m
[ 66%] Built target 02_apis_sub
[ 66%] [32mBuilding CXX object CMakeFiles/03_apis_time.dir/src/03_apis_time.cpp.o[0m
[ 83%] Built target 01_apis_pub
[01m[K/home/lcy/ros_tutorial/exe_04/src/ros_apis/src/03_apis_time.cpp:[m[K In function â€˜[01m[Kint main(int, char**)[m[Kâ€™:
[01m[K/home/lcy/ros_tutorial/exe_04/src/ros_apis/src/03_apis_time.cpp:39:1:[m[K [01;31m[Kerror: [m[Kexpected primary-expression before â€˜[01m[K:[m[Kâ€™ token
   39 | [01;31m[K:[m[K.
      | [01;31m[K^[m[K
make[2]: *** [CMakeFiles/03_apis_time.dir/build.make:63ï¼šCMakeFiles/03_apis_time.dir/src/03_apis_time.cpp.o] é”™è¯¯ 1
make[1]: *** [CMakeFiles/Makefile2:213ï¼šCMakeFiles/03_apis_time.dir/all] é”™è¯¯ 2
make: *** [Makefile:141ï¼šall] é”™è¯¯ 2
